0 info it worked if it ends with ok
1 verbose cli [ '/usr/bin/nodejs', '/usr/bin/npm', 'install', '-g', 'mocha' ]
2 info using npm@1.4.21
3 info using node@v0.10.25
4 verbose cache add [ 'mocha', null ]
5 verbose cache add name=undefined spec="mocha" args=["mocha",null]
6 verbose parsed url { protocol: null,
6 verbose parsed url   slashes: null,
6 verbose parsed url   auth: null,
6 verbose parsed url   host: null,
6 verbose parsed url   port: null,
6 verbose parsed url   hostname: null,
6 verbose parsed url   hash: null,
6 verbose parsed url   search: null,
6 verbose parsed url   query: null,
6 verbose parsed url   pathname: 'mocha',
6 verbose parsed url   path: 'mocha',
6 verbose parsed url   href: 'mocha' }
7 silly lockFile a619da43-mocha mocha
8 verbose lock mocha /home/alyssafaeocfemia/.npm/a619da43-mocha.lock
9 silly lockFile a619da43-mocha mocha
10 silly lockFile a619da43-mocha mocha
11 verbose addNamed [ 'mocha', '' ]
12 verbose addNamed [ null, '*' ]
13 silly lockFile b9899f31-mocha mocha@
14 verbose lock mocha@ /home/alyssafaeocfemia/.npm/b9899f31-mocha.lock
15 silly addNameRange { name: 'mocha', range: '*', hasData: false }
16 verbose request where is /mocha
17 verbose request registry https://registry.npmjs.org/
18 verbose request id b9f94fd69c7aa084
19 verbose url raw /mocha
20 verbose url resolving [ 'https://registry.npmjs.org/', './mocha' ]
21 verbose url resolved https://registry.npmjs.org/mocha
22 verbose request where is https://registry.npmjs.org/mocha
23 info trying registry request attempt 1 at 16:25:36
24 verbose etag "A0GKVUXX2ZI35E181XE7VQM94"
25 http GET https://registry.npmjs.org/mocha
26 http 304 https://registry.npmjs.org/mocha
27 silly registry.get cb [ 304,
27 silly registry.get   { date: 'Thu, 17 Sep 2015 08:25:47 GMT',
27 silly registry.get     via: '1.1 varnish',
27 silly registry.get     'cache-control': 'max-age=60',
27 silly registry.get     etag: '"A0GKVUXX2ZI35E181XE7VQM94"',
27 silly registry.get     age: '25',
27 silly registry.get     connection: 'keep-alive',
27 silly registry.get     'x-served-by': 'cache-lax1422-LAX',
27 silly registry.get     'x-cache': 'HIT',
27 silly registry.get     'x-cache-hits': '1',
27 silly registry.get     'x-timer': 'S1442478347.566070,VS0,VE3',
27 silly registry.get     vary: 'Accept' } ]
28 verbose etag https://registry.npmjs.org/mocha from cache
29 silly addNameRange number 2 { name: 'mocha', range: '*', hasData: true }
30 silly addNameRange versions [ 'mocha',
30 silly addNameRange   [ '0.0.1-alpha1',
30 silly addNameRange     '0.0.1-alpha2',
30 silly addNameRange     '0.0.1-alpha3',
30 silly addNameRange     '0.0.1-alpha4',
30 silly addNameRange     '0.0.1-alpha5',
30 silly addNameRange     '0.0.1-alpha6',
30 silly addNameRange     '0.0.1',
30 silly addNameRange     '0.0.2',
30 silly addNameRange     '0.0.3',
30 silly addNameRange     '0.0.4',
30 silly addNameRange     '0.0.5',
30 silly addNameRange     '0.0.6',
30 silly addNameRange     '0.0.7',
30 silly addNameRange     '0.0.8',
30 silly addNameRange     '0.1.0',
30 silly addNameRange     '0.2.0',
30 silly addNameRange     '0.3.0',
30 silly addNameRange     '0.3.1',
30 silly addNameRange     '0.3.2',
30 silly addNameRange     '0.3.3',
30 silly addNameRange     '0.3.4',
30 silly addNameRange     '0.3.6',
30 silly addNameRange     '0.4.0',
30 silly addNameRange     '0.5.0',
30 silly addNameRange     '0.6.0',
30 silly addNameRange     '0.7.0',
30 silly addNameRange     '0.7.1',
30 silly addNameRange     '0.8.0',
30 silly addNameRange     '0.8.1',
30 silly addNameRange     '0.9.0',
30 silly addNameRange     '0.10.0',
30 silly addNameRange     '0.10.1',
30 silly addNameRange     '0.10.2',
30 silly addNameRange     '0.11.0',
30 silly addNameRange     '0.12.0',
30 silly addNameRange     '0.12.1',
30 silly addNameRange     '0.13.0',
30 silly addNameRange     '0.14.0',
30 silly addNameRange     '0.14.1',
30 silly addNameRange     '1.0.0',
30 silly addNameRange     '1.0.1',
30 silly addNameRange     '1.0.2',
30 silly addNameRange     '1.0.3',
30 silly addNameRange     '1.1.0',
30 silly addNameRange     '1.2.0',
30 silly addNameRange     '1.2.1',
30 silly addNameRange     '1.2.2',
30 silly addNameRange     '1.3.0',
30 silly addNameRange     '1.3.1',
30 silly addNameRange     '1.3.2',
30 silly addNameRange     '1.4.0',
30 silly addNameRange     '1.4.1',
30 silly addNameRange     '1.4.2',
30 silly addNameRange     '1.4.3',
30 silly addNameRange     '1.5.0',
30 silly addNameRange     '1.6.0',
30 silly addNameRange     '1.7.0',
30 silly addNameRange     '1.7.1',
30 silly addNameRange     '1.7.2',
30 silly addNameRange     '1.7.3',
30 silly addNameRange     '1.7.4',
30 silly addNameRange     '1.8.0',
30 silly addNameRange     '1.8.1',
30 silly addNameRange     '1.8.2',
30 silly addNameRange     '1.9.0',
30 silly addNameRange     '1.10.0',
30 silly addNameRange     '1.11.0',
30 silly addNameRange     '1.12.0',
30 silly addNameRange     '1.12.1',
30 silly addNameRange     '1.13.0',
30 silly addNameRange     '1.14.0',
30 silly addNameRange     '1.15.0',
30 silly addNameRange     '1.15.1',
30 silly addNameRange     '1.16.0',
30 silly addNameRange     '1.16.1',
30 silly addNameRange     '1.16.2',
30 silly addNameRange     '1.17.0',
30 silly addNameRange     '1.17.1',
30 silly addNameRange     '1.18.0',
30 silly addNameRange     '1.18.1',
30 silly addNameRange     '1.18.2',
30 silly addNameRange     '1.19.0',
30 silly addNameRange     '1.20.0',
30 silly addNameRange     '1.20.1',
30 silly addNameRange     '1.21.0',
30 silly addNameRange     '1.21.1',
30 silly addNameRange     '1.21.2',
30 silly addNameRange     '1.21.3',
30 silly addNameRange     '1.21.4',
30 silly addNameRange     '1.21.5',
30 silly addNameRange     '2.0.0',
30 silly addNameRange     '2.0.1',
30 silly addNameRange     '2.1.0',
30 silly addNameRange     '2.2.0',
30 silly addNameRange     '2.2.1',
30 silly addNameRange     '2.2.3',
30 silly addNameRange     '2.2.4',
30 silly addNameRange     '2.2.5',
30 silly addNameRange     '2.3.0',
30 silly addNameRange     '2.3.1',
30 silly addNameRange     '2.3.2' ] ]
31 verbose addNamed [ 'mocha', '2.3.2' ]
32 verbose addNamed [ '2.3.2', '2.3.2' ]
33 silly lockFile 7ee70f71-mocha-2-3-2 mocha@2.3.2
34 verbose lock mocha@2.3.2 /home/alyssafaeocfemia/.npm/7ee70f71-mocha-2-3-2.lock
35 silly lockFile 7ee70f71-mocha-2-3-2 mocha@2.3.2
36 silly lockFile 7ee70f71-mocha-2-3-2 mocha@2.3.2
37 silly lockFile b9899f31-mocha mocha@
38 silly lockFile b9899f31-mocha mocha@
39 silly resolved [ { name: 'mocha',
39 silly resolved     version: '2.3.2',
39 silly resolved     description: 'simple, flexible, fun test framework',
39 silly resolved     keywords: [ 'mocha', 'test', 'bdd', 'tdd', 'tap' ],
39 silly resolved     author: { name: 'TJ Holowaychuk', email: 'tj@vision-media.ca' },
39 silly resolved     contributors:
39 silly resolved      [ [Object],
39 silly resolved        [Object],
39 silly resolved        [Object],
39 silly resolved        [Object],
39 silly resolved        [Object],
39 silly resolved        [Object],
39 silly resolved        [Object],
39 silly resolved        [Object],
39 silly resolved        [Object],
39 silly resolved        [Object],
39 silly resolved        [Object],
39 silly resolved        [Object],
39 silly resolved        [Object],
39 silly resolved        [Object],
39 silly resolved        [Object],
39 silly resolved        [Object],
39 silly resolved        [Object],
39 silly resolved        [Object],
39 silly resolved        [Object],
39 silly resolved        [Object],
39 silly resolved        [Object],
39 silly resolved        [Object],
39 silly resolved        [Object],
39 silly resolved        [Object],
39 silly resolved        [Object],
39 silly resolved        [Object],
39 silly resolved        [Object],
39 silly resolved        [Object],
39 silly resolved        [Object],
39 silly resolved        [Object],
39 silly resolved        [Object],
39 silly resolved        [Object],
39 silly resolved        [Object],
39 silly resolved        [Object],
39 silly resolved        [Object],
39 silly resolved        [Object],
39 silly resolved        [Object],
39 silly resolved        [Object],
39 silly resolved        [Object],
39 silly resolved        [Object],
39 silly resolved        [Object],
39 silly resolved        [Object],
39 silly resolved        [Object],
39 silly resolved        [Object],
39 silly resolved        [Object],
39 silly resolved        [Object],
39 silly resolved        [Object],
39 silly resolved        [Object],
39 silly resolved        [Object],
39 silly resolved        [Object],
39 silly resolved        [Object],
39 silly resolved        [Object],
39 silly resolved        [Object],
39 silly resolved        [Object],
39 silly resolved        [Object],
39 silly resolved        [Object],
39 silly resolved        [Object],
39 silly resolved        [Object],
39 silly resolved        [Object],
39 silly resolved        [Object],
39 silly resolved        [Object],
39 silly resolved        [Object],
39 silly resolved        [Object],
39 silly resolved        [Object],
39 silly resolved        [Object],
39 silly resolved        [Object],
39 silly resolved        [Object],
39 silly resolved        [Object],
39 silly resolved        [Object],
39 silly resolved        [Object],
39 silly resolved        [Object],
39 silly resolved        [Object],
39 silly resolved        [Object],
39 silly resolved        [Object],
39 silly resolved        [Object],
39 silly resolved        [Object],
39 silly resolved        [Object],
39 silly resolved        [Object],
39 silly resolved        [Object],
39 silly resolved        [Object],
39 silly resolved        [Object],
39 silly resolved        [Object],
39 silly resolved        [Object],
39 silly resolved        [Object],
39 silly resolved        [Object],
39 silly resolved        [Object],
39 silly resolved        [Object],
39 silly resolved        [Object],
39 silly resolved        [Object],
39 silly resolved        [Object],
39 silly resolved        [Object],
39 silly resolved        [Object],
39 silly resolved        [Object],
39 silly resolved        [Object],
39 silly resolved        [Object],
39 silly resolved        [Object],
39 silly resolved        [Object],
39 silly resolved        [Object],
39 silly resolved        [Object],
39 silly resolved        [Object],
39 silly resolved        [Object],
39 silly resolved        [Object],
39 silly resolved        [Object],
39 silly resolved        [Object],
39 silly resolved        [Object],
39 silly resolved        [Object],
39 silly resolved        [Object],
39 silly resolved        [Object],
39 silly resolved        [Object],
39 silly resolved        [Object],
39 silly resolved        [Object],
39 silly resolved        [Object],
39 silly resolved        [Object],
39 silly resolved        [Object],
39 silly resolved        [Object],
39 silly resolved        [Object],
39 silly resolved        [Object],
39 silly resolved        [Object],
39 silly resolved        [Object],
39 silly resolved        [Object],
39 silly resolved        [Object],
39 silly resolved        [Object],
39 silly resolved        [Object],
39 silly resolved        [Object],
39 silly resolved        [Object],
39 silly resolved        [Object],
39 silly resolved        [Object],
39 silly resolved        [Object],
39 silly resolved        [Object],
39 silly resolved        [Object],
39 silly resolved        [Object],
39 silly resolved        [Object],
39 silly resolved        [Object],
39 silly resolved        [Object],
39 silly resolved        [Object],
39 silly resolved        [Object],
39 silly resolved        [Object],
39 silly resolved        [Object],
39 silly resolved        [Object],
39 silly resolved        [Object],
39 silly resolved        [Object],
39 silly resolved        [Object],
39 silly resolved        [Object],
39 silly resolved        [Object],
39 silly resolved        [Object],
39 silly resolved        [Object],
39 silly resolved        [Object],
39 silly resolved        [Object],
39 silly resolved        [Object],
39 silly resolved        [Object],
39 silly resolved        [Object],
39 silly resolved        [Object],
39 silly resolved        [Object],
39 silly resolved        [Object],
39 silly resolved        [Object],
39 silly resolved        [Object],
39 silly resolved        [Object],
39 silly resolved        [Object],
39 silly resolved        [Object],
39 silly resolved        [Object],
39 silly resolved        [Object],
39 silly resolved        [Object],
39 silly resolved        [Object],
39 silly resolved        [Object],
39 silly resolved        [Object],
39 silly resolved        [Object],
39 silly resolved        [Object],
39 silly resolved        [Object],
39 silly resolved        [Object],
39 silly resolved        [Object],
39 silly resolved        [Object],
39 silly resolved        [Object],
39 silly resolved        [Object],
39 silly resolved        [Object],
39 silly resolved        [Object],
39 silly resolved        [Object],
39 silly resolved        [Object],
39 silly resolved        [Object],
39 silly resolved        [Object],
39 silly resolved        [Object],
39 silly resolved        [Object],
39 silly resolved        [Object],
39 silly resolved        [Object],
39 silly resolved        [Object],
39 silly resolved        [Object],
39 silly resolved        [Object],
39 silly resolved        [Object],
39 silly resolved        [Object],
39 silly resolved        [Object],
39 silly resolved        [Object],
39 silly resolved        [Object],
39 silly resolved        [Object],
39 silly resolved        [Object],
39 silly resolved        [Object],
39 silly resolved        [Object],
39 silly resolved        [Object],
39 silly resolved        [Object],
39 silly resolved        [Object],
39 silly resolved        [Object],
39 silly resolved        [Object],
39 silly resolved        [Object],
39 silly resolved        [Object],
39 silly resolved        [Object],
39 silly resolved        [Object],
39 silly resolved        [Object],
39 silly resolved        [Object],
39 silly resolved        [Object],
39 silly resolved        [Object],
39 silly resolved        [Object],
39 silly resolved        [Object],
39 silly resolved        [Object],
39 silly resolved        [Object],
39 silly resolved        [Object],
39 silly resolved        [Object],
39 silly resolved        [Object],
39 silly resolved        [Object],
39 silly resolved        [Object],
39 silly resolved        [Object],
39 silly resolved        [Object],
39 silly resolved        [Object],
39 silly resolved        [Object],
39 silly resolved        [Object],
39 silly resolved        [Object],
39 silly resolved        [Object],
39 silly resolved        [Object],
39 silly resolved        [Object],
39 silly resolved        [Object],
39 silly resolved        [Object],
39 silly resolved        [Object],
39 silly resolved        [Object],
39 silly resolved        [Object],
39 silly resolved        [Object],
39 silly resolved        [Object],
39 silly resolved        [Object],
39 silly resolved        [Object],
39 silly resolved        [Object],
39 silly resolved        [Object],
39 silly resolved        [Object],
39 silly resolved        [Object],
39 silly resolved        [Object] ],
39 silly resolved     license: 'MIT',
39 silly resolved     repository: { type: 'git', url: 'git://github.com/mochajs/mocha.git' },
39 silly resolved     maintainers: [ [Object], [Object], [Object], [Object] ],
39 silly resolved     main: './index',
39 silly resolved     bin: { mocha: './bin/mocha', _mocha: './bin/_mocha' },
39 silly resolved     engines: { node: '>= 0.8.x' },
39 silly resolved     scripts: { test: 'make test-all' },
39 silly resolved     dependencies:
39 silly resolved      { commander: '2.3.0',
39 silly resolved        debug: '2.0.0',
39 silly resolved        diff: '1.4.0',
39 silly resolved        'escape-string-regexp': '1.0.2',
39 silly resolved        glob: '3.2.3',
39 silly resolved        growl: '1.8.1',
39 silly resolved        jade: '1.11.0',
39 silly resolved        mkdirp: '0.5.0',
39 silly resolved        'supports-color': '1.2.0' },
39 silly resolved     devDependencies:
39 silly resolved      { 'browser-stdout': '^1.2.0',
39 silly resolved        browserify: '10.2.4',
39 silly resolved        'coffee-script': '~1.8.0',
39 silly resolved        eslint: '^1.2.1',
39 silly resolved        should: '~4.0.0',
39 silly resolved        through2: '~0.6.5' },
39 silly resolved     files:
39 silly resolved      [ 'bin',
39 silly resolved        'images',
39 silly resolved        'lib',
39 silly resolved        'index.js',
39 silly resolved        'mocha.css',
39 silly resolved        'mocha.js',
39 silly resolved        'LICENSE' ],
39 silly resolved     browser:
39 silly resolved      { debug: './lib/browser/debug.js',
39 silly resolved        events: './lib/browser/events.js',
39 silly resolved        tty: './lib/browser/tty.js' },
39 silly resolved     licenses: [ [Object] ],
39 silly resolved     gitHead: '4c4d4d96297e9bdd1c532717a7ad0b1d3946f3ee',
39 silly resolved     bugs: { url: 'https://github.com/mochajs/mocha/issues' },
39 silly resolved     homepage: 'https://github.com/mochajs/mocha#readme',
39 silly resolved     _id: 'mocha@2.3.2',
39 silly resolved     _shasum: '4cd71c4f91cb5e02e0d487b7c69db86ada6e8b83',
39 silly resolved     _from: 'mocha@',
39 silly resolved     _npmVersion: '2.13.3',
39 silly resolved     _nodeVersion: '3.3.0',
39 silly resolved     _npmUser: { name: 'boneskull', email: 'chiller@badwing.com' },
39 silly resolved     dist:
39 silly resolved      { shasum: '4cd71c4f91cb5e02e0d487b7c69db86ada6e8b83',
39 silly resolved        tarball: 'http://registry.npmjs.org/mocha/-/mocha-2.3.2.tgz' },
39 silly resolved     directories: {},
39 silly resolved     _resolved: 'https://registry.npmjs.org/mocha/-/mocha-2.3.2.tgz',
39 silly resolved     readme: 'ERROR: No README data found!' } ]
40 info install mocha@2.3.2 into /usr/local/lib
41 info installOne mocha@2.3.2
42 verbose lib/node_modules/mocha unbuild
43 verbose lib/node_modules/mocha unbuild
44 error error rolling back Error: EACCES, unlink '/usr/local/lib/node_modules/mocha'
44 error error rolling back  mocha@2.3.2 { [Error: EACCES, unlink '/usr/local/lib/node_modules/mocha']
44 error error rolling back   errno: 3,
44 error error rolling back   code: 'EACCES',
44 error error rolling back   path: '/usr/local/lib/node_modules/mocha' }
45 error Error: EACCES, unlink '/usr/local/lib/node_modules/mocha'
45 error  { [Error: EACCES, unlink '/usr/local/lib/node_modules/mocha']
45 error   errno: 3,
45 error   code: 'EACCES',
45 error   path: '/usr/local/lib/node_modules/mocha' }
46 error Please try running this command again as root/Administrator.
47 error System Linux 3.19.0-26-generic
48 error command "/usr/bin/nodejs" "/usr/bin/npm" "install" "-g" "mocha"
49 error cwd /home/alyssafaeocfemia/Desktop/cmsc100samples
50 error node -v v0.10.25
51 error npm -v 1.4.21
52 error path /usr/local/lib/node_modules/mocha
53 error code EACCES
54 error errno 3
55 error stack Error: EACCES, unlink '/usr/local/lib/node_modules/mocha'
56 verbose exit [ 3, true ]
